<?xml version="1.0" encoding="UTF-8"?>
<!-- Generated by org.testng.reporters.JUnitReportReporter -->
<testsuite hostname="DESKTOP-7PTRHU1" failures="0" tests="2" name="project_name.pages.SearchBarPage" time="7.153" errors="0" timestamp="2022-04-26T16:25:14 IST" skipped="0">
  <testcase classname="project_name.pages.SearchBarPage" name="verifyLoginSuccessWithValidCredentials" time="5.002"/>
  <system-out/>
  <testcase classname="project_name.pages.SearchBarPage" name="verifyLoginSuccessWithValidCredentials" time="2.151"/>
  <system-out/>
</testsuite> <!-- project_name.pages.SearchBarPage -->
